TN:
SF:src/app.ts
FNF:0
FNH:0
DA:5,0
DA:7,0
DA:10,0
DA:13,0
LF:4
LH:0
BRF:0
BRH:0
end_of_record
TN:
SF:src/config/config.ts
FNF:0
FNH:0
DA:3,4
DA:17,4
LF:2
LH:2
BRDA:18,0,0,4
BRDA:18,0,1,0
BRDA:19,1,0,4
BRDA:19,1,1,0
BRDA:21,2,0,4
BRDA:21,2,1,0
BRDA:22,3,0,4
BRDA:22,3,1,0
BRDA:23,4,0,4
BRDA:23,4,1,0
BRDA:24,5,0,4
BRDA:24,5,1,0
BRDA:25,6,0,4
BRDA:25,6,1,0
BRF:14
BRH:7
end_of_record
TN:
SF:src/config/database.ts
FN:17,(anonymous_0)
FN:21,(anonymous_1)
FN:27,(anonymous_2)
FN:41,(anonymous_3)
FN:47,(anonymous_4)
FN:58,(anonymous_5)
FNF:6
FNH:1
FNDA:0,(anonymous_0)
FNDA:0,(anonymous_1)
FNDA:1,(anonymous_2)
FNDA:0,(anonymous_3)
FNDA:0,(anonymous_4)
FNDA:0,(anonymous_5)
DA:5,3
DA:17,3
DA:18,0
DA:21,3
DA:22,0
DA:23,0
DA:27,3
DA:28,1
DA:29,1
DA:30,1
DA:31,0
DA:32,0
DA:33,0
DA:35,1
DA:36,1
DA:41,3
DA:42,0
DA:43,0
DA:47,3
DA:48,0
DA:49,0
DA:50,0
DA:52,0
DA:53,0
DA:58,3
DA:59,0
DA:60,0
LF:27
LH:12
BRF:0
BRH:0
end_of_record
TN:
SF:src/controllers/itemController.ts
FN:5,(anonymous_0)
FN:25,(anonymous_1)
FN:39,(anonymous_2)
FN:62,(anonymous_3)
FN:87,(anonymous_4)
FNF:5
FNH:4
FNDA:4,(anonymous_0)
FNDA:0,(anonymous_1)
FNDA:2,(anonymous_2)
FNDA:1,(anonymous_3)
FNDA:1,(anonymous_4)
DA:5,2
DA:10,4
DA:11,4
DA:13,4
DA:14,4
DA:17,0
DA:18,0
DA:20,0
DA:25,2
DA:30,0
DA:31,0
DA:32,0
DA:34,0
DA:39,2
DA:44,2
DA:45,2
DA:46,2
DA:47,1
DA:50,1
DA:51,0
DA:52,0
DA:55,0
DA:57,1
DA:62,2
DA:67,1
DA:68,1
DA:69,1
DA:70,1
DA:73,0
DA:75,0
DA:76,0
DA:77,0
DA:80,0
DA:82,0
DA:87,2
DA:92,1
DA:93,1
DA:94,1
DA:95,1
DA:98,0
DA:99,0
DA:100,0
DA:103,0
DA:105,0
LF:44
LH:23
BRDA:13,0,0,4
BRDA:13,0,1,0
BRDA:13,1,0,4
BRDA:13,1,1,2
BRDA:13,1,2,1
BRDA:45,2,0,2
BRDA:45,2,1,1
BRDA:46,3,0,1
BRDA:46,3,1,1
BRDA:51,4,0,0
BRDA:51,4,1,0
BRDA:68,5,0,1
BRDA:68,5,1,0
BRDA:69,6,0,1
BRDA:69,6,1,0
BRDA:76,7,0,0
BRDA:76,7,1,0
BRDA:93,8,0,1
BRDA:93,8,1,0
BRDA:94,9,0,1
BRDA:94,9,1,0
BRDA:99,10,0,0
BRDA:99,10,1,0
BRF:23
BRH:12
end_of_record
TN:
SF:src/middlewares/errorHandler.ts
FN:7,(anonymous_0)
FNF:1
FNH:1
FNDA:6,(anonymous_0)
DA:7,1
DA:13,6
DA:14,6
LF:3
LH:3
BRDA:14,0,0,6
BRDA:14,0,1,4
BRDA:15,1,0,6
BRDA:15,1,1,1
BRF:4
BRH:4
end_of_record
TN:
SF:src/models/item.ts
FN:19,(anonymous_0)
FN:25,(anonymous_1)
FN:31,(anonymous_2)
FN:42,(anonymous_3)
FN:62,(anonymous_4)
FNF:5
FNH:1
FNDA:0,(anonymous_0)
FNDA:1,(anonymous_1)
FNDA:0,(anonymous_2)
FNDA:0,(anonymous_3)
FNDA:0,(anonymous_4)
DA:19,3
DA:20,0
DA:21,0
DA:25,3
DA:26,1
DA:27,0
DA:31,3
DA:32,0
DA:38,0
DA:42,3
DA:46,0
DA:47,0
DA:50,0
DA:58,0
DA:62,3
DA:63,0
DA:64,0
LF:17
LH:6
BRDA:27,0,0,0
BRDA:27,0,1,0
BRDA:46,1,0,0
BRDA:46,1,1,0
BRDA:58,2,0,0
BRDA:58,2,1,0
BRDA:64,3,0,0
BRDA:64,3,1,0
BRF:8
BRH:0
end_of_record
TN:
SF:src/routes/itemRoutes.ts
FNF:0
FNH:0
DA:10,1
DA:12,1
DA:13,1
DA:14,1
DA:15,1
DA:16,1
LF:6
LH:6
BRF:0
BRH:0
end_of_record
